CRITICAL - 2023-10-23 15:05:28 --> syntax error, unexpected 'App' (T_STRING)
in APPPATH/Controllers/Accueil.php on line 2.
 1 SYSTEMPATH/Autoloader/Autoloader.php(291): CodeIgniter\Autoloader\Autoloader->includeFile()
 2 SYSTEMPATH/Autoloader/Autoloader.php(269): CodeIgniter\Autoloader\Autoloader->loadInNamespace()
 3 [internal function]: CodeIgniter\Autoloader\Autoloader->loadClass()
 4 [internal function]: spl_autoload_call()
 5 SYSTEMPATH/CodeIgniter.php(900): class_exists()
 6 SYSTEMPATH/CodeIgniter.php(489): CodeIgniter\CodeIgniter->startController()
 7 SYSTEMPATH/CodeIgniter.php(361): CodeIgniter\CodeIgniter->handleRequest()
 8 FCPATH/index.php(79): CodeIgniter\CodeIgniter->run()
CRITICAL - 2023-10-23 15:05:28 --> Uncaught ErrorException: chmod() has been disabled for security reasons in /home/2023DIFAL3/e22107124/public_html/V1/ci/system/Log/Handlers/FileHandler.php:119
Stack trace:
#0 [internal function]: CodeIgniter\Debug\Exceptions->errorHandler()
#1 /home/2023DIFAL3/e22107124/public_html/V1/ci/system/Log/Handlers/FileHandler.php(119): chmod()
#2 /home/2023DIFAL3/e22107124/public_html/V1/ci/system/Log/Logger.php(294): CodeIgniter\Log\Handlers\FileHandler->handle()
#3 /home/2023DIFAL3/e22107124/public_html/V1/ci/system/Common.php(810): CodeIgniter\Log\Logger->log()
#4 /home/2023DIFAL3/e22107124/public_html/V1/ci/system/Debug/Exceptions.php(133): log_message()
#5 [internal function]: CodeIgniter\Debug\Exceptions->exceptionHandler()
#6 {main}
  thrown
ã€Previous Exceptionã€‘
ParseError
syntax error, unexpected 'App' (T_STRING)
#0 /home/2023DIFAL3/e22107124/public_html/V1/ci/system/Autoloader/Autoloader.php(291): CodeIgniter\Autoloader\Autoloader->includeFile()
#1 /home/2023DIFAL3/e22107124/public_html/V1/ci/system/Autoloader/Autoloader.php(269): CodeIgniter\Autoloader\Autoloader->loadInNamespace()
#2 [internal function]: CodeIgniter\Autoloader\Autoloader->loadClass()
#3 [internal function]: spl_autoload_call()
#4 /home/2023DIFAL3/e22107124/public_html/V1/ci/system/CodeIgniter.php(900): class_exists()
#5 /home/2023DIFAL3/e22107124/public_html/V1/ci/system/CodeIgniter.php(489): CodeIgniter\CodeIgniter->startController()
#6 /home/2023DIFAL3/e22107124/public_html/V1/ci/system/CodeIgniter.php(361): CodeIgniter\CodeIgniter->handleRequest()
#7 /home/2023DIFAL3/e22107124/public_html/V1/ci/public/index.php(79): CodeIgniter\CodeIgniter->run()
#8 {main}
in SYSTEMPATH/Log/Handlers/FileHandler.php on line 119.
 1 [internal function]: CodeIgniter\Debug\Exceptions->shutdownHandler()
CRITICAL - 2023-10-23 15:08:19 --> syntax error, unexpected 'App' (T_STRING)
in APPPATH/Controllers/Accueil.php on line 2.
 1 SYSTEMPATH/Autoloader/Autoloader.php(291): CodeIgniter\Autoloader\Autoloader->includeFile()
 2 SYSTEMPATH/Autoloader/Autoloader.php(269): CodeIgniter\Autoloader\Autoloader->loadInNamespace()
 3 [internal function]: CodeIgniter\Autoloader\Autoloader->loadClass()
 4 [internal function]: spl_autoload_call()
 5 SYSTEMPATH/CodeIgniter.php(900): class_exists()
 6 SYSTEMPATH/CodeIgniter.php(489): CodeIgniter\CodeIgniter->startController()
 7 SYSTEMPATH/CodeIgniter.php(361): CodeIgniter\CodeIgniter->handleRequest()
 8 FCPATH/index.php(79): CodeIgniter\CodeIgniter->run()
CRITICAL - 2023-10-23 15:08:30 --> syntax error, unexpected 'App' (T_STRING)
in APPPATH/Controllers/Accueil.php on line 2.
 1 SYSTEMPATH/Autoloader/Autoloader.php(291): CodeIgniter\Autoloader\Autoloader->includeFile()
 2 SYSTEMPATH/Autoloader/Autoloader.php(269): CodeIgniter\Autoloader\Autoloader->loadInNamespace()
 3 [internal function]: CodeIgniter\Autoloader\Autoloader->loadClass()
 4 [internal function]: spl_autoload_call()
 5 SYSTEMPATH/CodeIgniter.php(900): class_exists()
 6 SYSTEMPATH/CodeIgniter.php(489): CodeIgniter\CodeIgniter->startController()
 7 SYSTEMPATH/CodeIgniter.php(361): CodeIgniter\CodeIgniter->handleRequest()
 8 FCPATH/index.php(79): CodeIgniter\CodeIgniter->run()
CRITICAL - 2023-10-23 15:09:52 --> syntax error, unexpected 'App' (T_STRING)
in APPPATH/Controllers/Accueil.php on line 2.
 1 SYSTEMPATH/Autoloader/Autoloader.php(291): CodeIgniter\Autoloader\Autoloader->includeFile()
 2 SYSTEMPATH/Autoloader/Autoloader.php(269): CodeIgniter\Autoloader\Autoloader->loadInNamespace()
 3 [internal function]: CodeIgniter\Autoloader\Autoloader->loadClass()
 4 [internal function]: spl_autoload_call()
 5 SYSTEMPATH/CodeIgniter.php(900): class_exists()
 6 SYSTEMPATH/CodeIgniter.php(489): CodeIgniter\CodeIgniter->startController()
 7 SYSTEMPATH/CodeIgniter.php(361): CodeIgniter\CodeIgniter->handleRequest()
 8 FCPATH/index.php(79): CodeIgniter\CodeIgniter->run()
CRITICAL - 2023-10-23 15:09:54 --> syntax error, unexpected 'App' (T_STRING)
in APPPATH/Controllers/Accueil.php on line 2.
 1 SYSTEMPATH/Autoloader/Autoloader.php(291): CodeIgniter\Autoloader\Autoloader->includeFile()
 2 SYSTEMPATH/Autoloader/Autoloader.php(269): CodeIgniter\Autoloader\Autoloader->loadInNamespace()
 3 [internal function]: CodeIgniter\Autoloader\Autoloader->loadClass()
 4 [internal function]: spl_autoload_call()
 5 SYSTEMPATH/CodeIgniter.php(900): class_exists()
 6 SYSTEMPATH/CodeIgniter.php(489): CodeIgniter\CodeIgniter->startController()
 7 SYSTEMPATH/CodeIgniter.php(361): CodeIgniter\CodeIgniter->handleRequest()
 8 FCPATH/index.php(79): CodeIgniter\CodeIgniter->run()
CRITICAL - 2023-10-23 15:11:11 --> syntax error, unexpected 'App' (T_STRING)
in APPPATH/Controllers/Accueil.php on line 2.
 1 SYSTEMPATH/Autoloader/Autoloader.php(291): CodeIgniter\Autoloader\Autoloader->includeFile()
 2 SYSTEMPATH/Autoloader/Autoloader.php(269): CodeIgniter\Autoloader\Autoloader->loadInNamespace()
 3 [internal function]: CodeIgniter\Autoloader\Autoloader->loadClass()
 4 [internal function]: spl_autoload_call()
 5 SYSTEMPATH/CodeIgniter.php(900): class_exists()
 6 SYSTEMPATH/CodeIgniter.php(489): CodeIgniter\CodeIgniter->startController()
 7 SYSTEMPATH/CodeIgniter.php(361): CodeIgniter\CodeIgniter->handleRequest()
 8 FCPATH/index.php(79): CodeIgniter\CodeIgniter->run()
CRITICAL - 2023-10-23 15:11:13 --> syntax error, unexpected 'App' (T_STRING)
in APPPATH/Controllers/Accueil.php on line 2.
 1 SYSTEMPATH/Autoloader/Autoloader.php(291): CodeIgniter\Autoloader\Autoloader->includeFile()
 2 SYSTEMPATH/Autoloader/Autoloader.php(269): CodeIgniter\Autoloader\Autoloader->loadInNamespace()
 3 [internal function]: CodeIgniter\Autoloader\Autoloader->loadClass()
 4 [internal function]: spl_autoload_call()
 5 SYSTEMPATH/CodeIgniter.php(900): class_exists()
 6 SYSTEMPATH/CodeIgniter.php(489): CodeIgniter\CodeIgniter->startController()
 7 SYSTEMPATH/CodeIgniter.php(361): CodeIgniter\CodeIgniter->handleRequest()
 8 FCPATH/index.php(79): CodeIgniter\CodeIgniter->run()
CRITICAL - 2023-10-23 15:14:41 --> syntax error, unexpected 'App' (T_STRING)
in APPPATH/Controllers/Accueil.php on line 2.
 1 SYSTEMPATH/Autoloader/Autoloader.php(291): CodeIgniter\Autoloader\Autoloader->includeFile()
 2 SYSTEMPATH/Autoloader/Autoloader.php(269): CodeIgniter\Autoloader\Autoloader->loadInNamespace()
 3 [internal function]: CodeIgniter\Autoloader\Autoloader->loadClass()
 4 [internal function]: spl_autoload_call()
 5 SYSTEMPATH/CodeIgniter.php(900): class_exists()
 6 SYSTEMPATH/CodeIgniter.php(489): CodeIgniter\CodeIgniter->startController()
 7 SYSTEMPATH/CodeIgniter.php(361): CodeIgniter\CodeIgniter->handleRequest()
 8 FCPATH/index.php(79): CodeIgniter\CodeIgniter->run()
CRITICAL - 2023-10-23 15:14:44 --> syntax error, unexpected 'App' (T_STRING)
in APPPATH/Controllers/Accueil.php on line 2.
 1 SYSTEMPATH/Autoloader/Autoloader.php(291): CodeIgniter\Autoloader\Autoloader->includeFile()
 2 SYSTEMPATH/Autoloader/Autoloader.php(269): CodeIgniter\Autoloader\Autoloader->loadInNamespace()
 3 [internal function]: CodeIgniter\Autoloader\Autoloader->loadClass()
 4 [internal function]: spl_autoload_call()
 5 SYSTEMPATH/CodeIgniter.php(900): class_exists()
 6 SYSTEMPATH/CodeIgniter.php(489): CodeIgniter\CodeIgniter->startController()
 7 SYSTEMPATH/CodeIgniter.php(361): CodeIgniter\CodeIgniter->handleRequest()
 8 FCPATH/index.php(79): CodeIgniter\CodeIgniter->run()
CRITICAL - 2023-10-23 15:17:03 --> syntax error, unexpected 'app' (T_STRING)
in APPPATH/Controllers/Accueil.php on line 2.
 1 SYSTEMPATH/Autoloader/Autoloader.php(291): CodeIgniter\Autoloader\Autoloader->includeFile()
 2 SYSTEMPATH/Autoloader/Autoloader.php(269): CodeIgniter\Autoloader\Autoloader->loadInNamespace()
 3 [internal function]: CodeIgniter\Autoloader\Autoloader->loadClass()
 4 [internal function]: spl_autoload_call()
 5 SYSTEMPATH/CodeIgniter.php(900): class_exists()
 6 SYSTEMPATH/CodeIgniter.php(489): CodeIgniter\CodeIgniter->startController()
 7 SYSTEMPATH/CodeIgniter.php(361): CodeIgniter\CodeIgniter->handleRequest()
 8 FCPATH/index.php(79): CodeIgniter\CodeIgniter->run()
CRITICAL - 2023-10-23 15:17:34 --> syntax error, unexpected 'App' (T_STRING)
in APPPATH/Controllers/Accueil.php on line 2.
 1 SYSTEMPATH/Autoloader/Autoloader.php(291): CodeIgniter\Autoloader\Autoloader->includeFile()
 2 SYSTEMPATH/Autoloader/Autoloader.php(269): CodeIgniter\Autoloader\Autoloader->loadInNamespace()
 3 [internal function]: CodeIgniter\Autoloader\Autoloader->loadClass()
 4 [internal function]: spl_autoload_call()
 5 SYSTEMPATH/CodeIgniter.php(900): class_exists()
 6 SYSTEMPATH/CodeIgniter.php(489): CodeIgniter\CodeIgniter->startController()
 7 SYSTEMPATH/CodeIgniter.php(361): CodeIgniter\CodeIgniter->handleRequest()
 8 FCPATH/index.php(79): CodeIgniter\CodeIgniter->run()
CRITICAL - 2023-10-23 15:20:08 --> syntax error, unexpected 'App' (T_STRING)
in APPPATH/Controllers/Accueil.php on line 2.
 1 SYSTEMPATH/Autoloader/Autoloader.php(291): CodeIgniter\Autoloader\Autoloader->includeFile()
 2 SYSTEMPATH/Autoloader/Autoloader.php(269): CodeIgniter\Autoloader\Autoloader->loadInNamespace()
 3 [internal function]: CodeIgniter\Autoloader\Autoloader->loadClass()
 4 [internal function]: spl_autoload_call()
 5 SYSTEMPATH/CodeIgniter.php(900): class_exists()
 6 SYSTEMPATH/CodeIgniter.php(489): CodeIgniter\CodeIgniter->startController()
 7 SYSTEMPATH/CodeIgniter.php(361): CodeIgniter\CodeIgniter->handleRequest()
 8 FCPATH/index.php(79): CodeIgniter\CodeIgniter->run()
CRITICAL - 2023-10-23 15:20:16 --> syntax error, unexpected 'App' (T_STRING)
in APPPATH/Controllers/Accueil.php on line 2.
 1 SYSTEMPATH/Autoloader/Autoloader.php(291): CodeIgniter\Autoloader\Autoloader->includeFile()
 2 SYSTEMPATH/Autoloader/Autoloader.php(269): CodeIgniter\Autoloader\Autoloader->loadInNamespace()
 3 [internal function]: CodeIgniter\Autoloader\Autoloader->loadClass()
 4 [internal function]: spl_autoload_call()
 5 SYSTEMPATH/CodeIgniter.php(900): class_exists()
 6 SYSTEMPATH/CodeIgniter.php(489): CodeIgniter\CodeIgniter->startController()
 7 SYSTEMPATH/CodeIgniter.php(361): CodeIgniter\CodeIgniter->handleRequest()
 8 FCPATH/index.php(79): CodeIgniter\CodeIgniter->run()
CRITICAL - 2023-10-23 15:38:03 --> syntax error, unexpected 'afficher' (T_STRING), expecting ')'
in APPPATH/Config/Routes.php on line 10.
 1 SYSTEMPATH/CodeIgniter.php(810): CodeIgniter\Router\RouteCollection->loadRoutes()
 2 SYSTEMPATH/CodeIgniter.php(450): CodeIgniter\CodeIgniter->tryToRouteIt()
 3 SYSTEMPATH/CodeIgniter.php(361): CodeIgniter\CodeIgniter->handleRequest()
 4 FCPATH/index.php(79): CodeIgniter\CodeIgniter->run()
CRITICAL - 2023-10-23 15:39:11 --> syntax error, unexpected 'afficher' (T_STRING), expecting ')'
in APPPATH/Config/Routes.php on line 10.
 1 SYSTEMPATH/CodeIgniter.php(810): CodeIgniter\Router\RouteCollection->loadRoutes()
 2 SYSTEMPATH/CodeIgniter.php(450): CodeIgniter\CodeIgniter->tryToRouteIt()
 3 SYSTEMPATH/CodeIgniter.php(361): CodeIgniter\CodeIgniter->handleRequest()
 4 FCPATH/index.php(79): CodeIgniter\CodeIgniter->run()
CRITICAL - 2023-10-23 15:40:21 --> syntax error, unexpected 'afficher' (T_STRING), expecting ')'
in APPPATH/Config/Routes.php on line 10.
 1 SYSTEMPATH/CodeIgniter.php(810): CodeIgniter\Router\RouteCollection->loadRoutes()
 2 SYSTEMPATH/CodeIgniter.php(450): CodeIgniter\CodeIgniter->tryToRouteIt()
 3 SYSTEMPATH/CodeIgniter.php(361): CodeIgniter\CodeIgniter->handleRequest()
 4 FCPATH/index.php(79): CodeIgniter\CodeIgniter->run()
CRITICAL - 2023-10-23 15:41:24 --> Invalid file: "affichage_accueil.php"
in SYSTEMPATH/Exceptions/FrameworkException.php on line 39.
 1 SYSTEMPATH/View/View.php(216): CodeIgniter\Exceptions\FrameworkException::forInvalidFile()
 2 SYSTEMPATH/Common.php(1190): CodeIgniter\View\View->render()
 3 APPPATH/Controllers/Accueil.php(12): view()
 4 SYSTEMPATH/CodeIgniter.php(942): App\Controllers\Accueil->afficher()
 5 SYSTEMPATH/CodeIgniter.php(502): CodeIgniter\CodeIgniter->runController()
 6 SYSTEMPATH/CodeIgniter.php(361): CodeIgniter\CodeIgniter->handleRequest()
 7 FCPATH/index.php(79): CodeIgniter\CodeIgniter->run()
CRITICAL - 2023-10-23 15:42:42 --> Invalid file: "affichage_accueil.php"
in SYSTEMPATH/Exceptions/FrameworkException.php on line 39.
 1 SYSTEMPATH/View/View.php(216): CodeIgniter\Exceptions\FrameworkException::forInvalidFile()
 2 SYSTEMPATH/Common.php(1190): CodeIgniter\View\View->render()
 3 APPPATH/Controllers/Accueil.php(12): view()
 4 SYSTEMPATH/CodeIgniter.php(942): App\Controllers\Accueil->afficher()
 5 SYSTEMPATH/CodeIgniter.php(502): CodeIgniter\CodeIgniter->runController()
 6 SYSTEMPATH/CodeIgniter.php(361): CodeIgniter\CodeIgniter->handleRequest()
 7 FCPATH/index.php(79): CodeIgniter\CodeIgniter->run()
CRITICAL - 2023-10-23 15:44:16 --> Invalid file: "affichage_accueil.php"
in SYSTEMPATH/Exceptions/FrameworkException.php on line 39.
 1 SYSTEMPATH/View/View.php(216): CodeIgniter\Exceptions\FrameworkException::forInvalidFile()
 2 SYSTEMPATH/Common.php(1190): CodeIgniter\View\View->render()
 3 APPPATH/Controllers/Accueil.php(12): view()
 4 SYSTEMPATH/CodeIgniter.php(942): App\Controllers\Accueil->afficher()
 5 SYSTEMPATH/CodeIgniter.php(502): CodeIgniter\CodeIgniter->runController()
 6 SYSTEMPATH/CodeIgniter.php(361): CodeIgniter\CodeIgniter->handleRequest()
 7 FCPATH/index.php(79): CodeIgniter\CodeIgniter->run()
CRITICAL - 2023-10-23 15:45:10 --> Invalid file: "affichage_accueil.php"
in SYSTEMPATH/Exceptions/FrameworkException.php on line 39.
 1 SYSTEMPATH/View/View.php(216): CodeIgniter\Exceptions\FrameworkException::forInvalidFile()
 2 SYSTEMPATH/Common.php(1190): CodeIgniter\View\View->render()
 3 APPPATH/Controllers/Accueil.php(12): view()
 4 SYSTEMPATH/CodeIgniter.php(942): App\Controllers\Accueil->afficher()
 5 SYSTEMPATH/CodeIgniter.php(502): CodeIgniter\CodeIgniter->runController()
 6 SYSTEMPATH/CodeIgniter.php(361): CodeIgniter\CodeIgniter->handleRequest()
 7 FCPATH/index.php(79): CodeIgniter\CodeIgniter->run()
CRITICAL - 2023-10-23 15:49:50 --> Too few arguments to function App\Controllers\Accueil::afficher(), 0 passed in /home/2023DIFAL3/e22107124/public_html/V1/ci/system/CodeIgniter.php on line 942 and exactly 1 expected
in APPPATH/Controllers/Accueil.php on line 9.
 1 SYSTEMPATH/CodeIgniter.php(942): App\Controllers\Accueil->afficher()
 2 SYSTEMPATH/CodeIgniter.php(502): CodeIgniter\CodeIgniter->runController()
 3 SYSTEMPATH/CodeIgniter.php(361): CodeIgniter\CodeIgniter->handleRequest()
 4 FCPATH/index.php(79): CodeIgniter\CodeIgniter->run()
CRITICAL - 2023-10-23 15:52:50 --> Too few arguments to function App\Controllers\Accueil::afficher(), 0 passed in /home/2023DIFAL3/e22107124/public_html/V1/ci/system/CodeIgniter.php on line 942 and exactly 1 expected
in APPPATH/Controllers/Accueil.php on line 9.
 1 SYSTEMPATH/CodeIgniter.php(942): App\Controllers\Accueil->afficher()
 2 SYSTEMPATH/CodeIgniter.php(502): CodeIgniter\CodeIgniter->runController()
 3 SYSTEMPATH/CodeIgniter.php(361): CodeIgniter\CodeIgniter->handleRequest()
 4 FCPATH/index.php(79): CodeIgniter\CodeIgniter->run()
CRITICAL - 2023-10-23 15:57:48 --> Too few arguments to function App\Controllers\Accueil::afficher(), 0 passed in /home/2023DIFAL3/e22107124/public_html/V1/ci/system/CodeIgniter.php on line 942 and exactly 1 expected
in APPPATH/Controllers/Accueil.php on line 9.
 1 SYSTEMPATH/CodeIgniter.php(942): App\Controllers\Accueil->afficher()
 2 SYSTEMPATH/CodeIgniter.php(502): CodeIgniter\CodeIgniter->runController()
 3 SYSTEMPATH/CodeIgniter.php(361): CodeIgniter\CodeIgniter->handleRequest()
 4 FCPATH/index.php(79): CodeIgniter\CodeIgniter->run()
CRITICAL - 2023-10-23 15:59:38 --> Too few arguments to function App\Controllers\Accueil::afficher(), 0 passed in /home/2023DIFAL3/e22107124/public_html/V1/ci/system/CodeIgniter.php on line 942 and exactly 1 expected
in APPPATH/Controllers/Accueil.php on line 9.
 1 SYSTEMPATH/CodeIgniter.php(942): App\Controllers\Accueil->afficher()
 2 SYSTEMPATH/CodeIgniter.php(502): CodeIgniter\CodeIgniter->runController()
 3 SYSTEMPATH/CodeIgniter.php(361): CodeIgniter\CodeIgniter->handleRequest()
 4 FCPATH/index.php(79): CodeIgniter\CodeIgniter->run()
CRITICAL - 2023-10-23 16:01:10 --> Too few arguments to function App\Controllers\Accueil::afficher(), 0 passed in /home/2023DIFAL3/e22107124/public_html/V1/ci/system/CodeIgniter.php on line 942 and exactly 1 expected
in APPPATH/Controllers/Accueil.php on line 9.
 1 SYSTEMPATH/CodeIgniter.php(942): App\Controllers\Accueil->afficher()
 2 SYSTEMPATH/CodeIgniter.php(502): CodeIgniter\CodeIgniter->runController()
 3 SYSTEMPATH/CodeIgniter.php(361): CodeIgniter\CodeIgniter->handleRequest()
 4 FCPATH/index.php(79): CodeIgniter\CodeIgniter->run()
CRITICAL - 2023-10-23 16:01:42 --> Too few arguments to function App\Controllers\Accueil::afficher(), 0 passed in /home/2023DIFAL3/e22107124/public_html/V1/ci/system/CodeIgniter.php on line 942 and exactly 1 expected
in APPPATH/Controllers/Accueil.php on line 9.
 1 SYSTEMPATH/CodeIgniter.php(942): App\Controllers\Accueil->afficher()
 2 SYSTEMPATH/CodeIgniter.php(502): CodeIgniter\CodeIgniter->runController()
 3 SYSTEMPATH/CodeIgniter.php(361): CodeIgniter\CodeIgniter->handleRequest()
 4 FCPATH/index.php(79): CodeIgniter\CodeIgniter->run()
CRITICAL - 2023-10-23 16:01:47 --> Too few arguments to function App\Controllers\Accueil::afficher(), 0 passed in /home/2023DIFAL3/e22107124/public_html/V1/ci/system/CodeIgniter.php on line 942 and exactly 1 expected
in APPPATH/Controllers/Accueil.php on line 9.
 1 SYSTEMPATH/CodeIgniter.php(942): App\Controllers\Accueil->afficher()
 2 SYSTEMPATH/CodeIgniter.php(502): CodeIgniter\CodeIgniter->runController()
 3 SYSTEMPATH/CodeIgniter.php(361): CodeIgniter\CodeIgniter->handleRequest()
 4 FCPATH/index.php(79): CodeIgniter\CodeIgniter->run()
CRITICAL - 2023-10-23 16:01:50 --> Too few arguments to function App\Controllers\Accueil::afficher(), 0 passed in /home/2023DIFAL3/e22107124/public_html/V1/ci/system/CodeIgniter.php on line 942 and exactly 1 expected
in APPPATH/Controllers/Accueil.php on line 9.
 1 SYSTEMPATH/CodeIgniter.php(942): App\Controllers\Accueil->afficher()
 2 SYSTEMPATH/CodeIgniter.php(502): CodeIgniter\CodeIgniter->runController()
 3 SYSTEMPATH/CodeIgniter.php(361): CodeIgniter\CodeIgniter->handleRequest()
 4 FCPATH/index.php(79): CodeIgniter\CodeIgniter->run()
CRITICAL - 2023-10-23 16:02:29 --> Too few arguments to function App\Controllers\Accueil::afficher(), 0 passed in /home/2023DIFAL3/e22107124/public_html/V1/ci/system/CodeIgniter.php on line 942 and exactly 1 expected
in APPPATH/Controllers/Accueil.php on line 9.
 1 SYSTEMPATH/CodeIgniter.php(942): App\Controllers\Accueil->afficher()
 2 SYSTEMPATH/CodeIgniter.php(502): CodeIgniter\CodeIgniter->runController()
 3 SYSTEMPATH/CodeIgniter.php(361): CodeIgniter\CodeIgniter->handleRequest()
 4 FCPATH/index.php(79): CodeIgniter\CodeIgniter->run()
CRITICAL - 2023-10-23 16:02:50 --> Too few arguments to function App\Controllers\Accueil::afficher(), 0 passed in /home/2023DIFAL3/e22107124/public_html/V1/ci/system/CodeIgniter.php on line 942 and exactly 1 expected
in APPPATH/Controllers/Accueil.php on line 9.
 1 SYSTEMPATH/CodeIgniter.php(942): App\Controllers\Accueil->afficher()
 2 SYSTEMPATH/CodeIgniter.php(502): CodeIgniter\CodeIgniter->runController()
 3 SYSTEMPATH/CodeIgniter.php(361): CodeIgniter\CodeIgniter->handleRequest()
 4 FCPATH/index.php(79): CodeIgniter\CodeIgniter->run()
CRITICAL - 2023-10-23 16:02:52 --> Too few arguments to function App\Controllers\Accueil::afficher(), 0 passed in /home/2023DIFAL3/e22107124/public_html/V1/ci/system/CodeIgniter.php on line 942 and exactly 1 expected
in APPPATH/Controllers/Accueil.php on line 9.
 1 SYSTEMPATH/CodeIgniter.php(942): App\Controllers\Accueil->afficher()
 2 SYSTEMPATH/CodeIgniter.php(502): CodeIgniter\CodeIgniter->runController()
 3 SYSTEMPATH/CodeIgniter.php(361): CodeIgniter\CodeIgniter->handleRequest()
 4 FCPATH/index.php(79): CodeIgniter\CodeIgniter->run()
CRITICAL - 2023-10-23 16:04:16 --> Too few arguments to function App\Controllers\Accueil::afficher(), 0 passed in /home/2023DIFAL3/e22107124/public_html/V1/ci/system/CodeIgniter.php on line 942 and exactly 1 expected
in APPPATH/Controllers/Accueil.php on line 9.
 1 SYSTEMPATH/CodeIgniter.php(942): App\Controllers\Accueil->afficher()
 2 SYSTEMPATH/CodeIgniter.php(502): CodeIgniter\CodeIgniter->runController()
 3 SYSTEMPATH/CodeIgniter.php(361): CodeIgniter\CodeIgniter->handleRequest()
 4 FCPATH/index.php(79): CodeIgniter\CodeIgniter->run()
