CRITICAL - 2023-11-19 18:11:41 --> syntax error, unexpected '.'
in APPPATH/Views/affichage_etapes.php on line 13.
 1 SYSTEMPATH/View/View.php(231): CodeIgniter\View\View->CodeIgniter\View\{closure}()
 2 SYSTEMPATH/Common.php(1190): CodeIgniter\View\View->render()
 3 APPPATH/Controllers/Etape.php(29): view()
 4 SYSTEMPATH/CodeIgniter.php(942): App\Controllers\Etape->etape_jouer()
 5 SYSTEMPATH/CodeIgniter.php(502): CodeIgniter\CodeIgniter->runController()
 6 SYSTEMPATH/CodeIgniter.php(361): CodeIgniter\CodeIgniter->handleRequest()
 7 FCPATH/index.php(79): CodeIgniter\CodeIgniter->run()
CRITICAL - 2023-11-19 18:11:41 --> Uncaught ErrorException: chmod() has been disabled for security reasons in /home/2023DIFAL3/e22107124/public_html/V1/ci/system/Log/Handlers/FileHandler.php:119
Stack trace:
#0 [internal function]: CodeIgniter\Debug\Exceptions->errorHandler()
#1 /home/2023DIFAL3/e22107124/public_html/V1/ci/system/Log/Handlers/FileHandler.php(119): chmod()
#2 /home/2023DIFAL3/e22107124/public_html/V1/ci/system/Log/Logger.php(294): CodeIgniter\Log\Handlers\FileHandler->handle()
#3 /home/2023DIFAL3/e22107124/public_html/V1/ci/system/Common.php(810): CodeIgniter\Log\Logger->log()
#4 /home/2023DIFAL3/e22107124/public_html/V1/ci/system/Debug/Exceptions.php(133): log_message()
#5 [internal function]: CodeIgniter\Debug\Exceptions->exceptionHandler()
#6 {main}
  thrown
ã€Previous Exceptionã€‘
ParseError
syntax error, unexpected '.'
#0 /home/2023DIFAL3/e22107124/public_html/V1/ci/system/View/View.php(231): CodeIgniter\View\View->CodeIgniter\View\{closure}()
#1 /home/2023DIFAL3/e22107124/public_html/V1/ci/system/Common.php(1190): CodeIgniter\View\View->render()
#2 /home/2023DIFAL3/e22107124/public_html/V1/ci/app/Controllers/Etape.php(29): view()
#3 /home/2023DIFAL3/e22107124/public_html/V1/ci/system/CodeIgniter.php(942): App\Controllers\Etape->etape_jouer()
#4 /home/2023DIFAL3/e22107124/public_html/V1/ci/system/CodeIgniter.php(502): CodeIgniter\CodeIgniter->runController()
#5 /home/2023DIFAL3/e22107124/public_html/V1/ci/system/CodeIgniter.php(361): CodeIgniter\CodeIgniter->handleRequest()
#6 /home/2023DIFAL3/e22107124/public_html/V1/ci/public/index.php(79): CodeIgniter\CodeIgniter->run()
#7 {main}
in SYSTEMPATH/Log/Handlers/FileHandler.php on line 119.
 1 [internal function]: CodeIgniter\Debug\Exceptions->shutdownHandler()
CRITICAL - 2023-11-19 22:09:12 --> syntax error, unexpected '.'
in APPPATH/Views/affichage_etapes.php on line 13.
 1 SYSTEMPATH/View/View.php(231): CodeIgniter\View\View->CodeIgniter\View\{closure}()
 2 SYSTEMPATH/Common.php(1190): CodeIgniter\View\View->render()
 3 APPPATH/Controllers/Etape.php(29): view()
 4 SYSTEMPATH/CodeIgniter.php(942): App\Controllers\Etape->etape_jouer()
 5 SYSTEMPATH/CodeIgniter.php(502): CodeIgniter\CodeIgniter->runController()
 6 SYSTEMPATH/CodeIgniter.php(361): CodeIgniter\CodeIgniter->handleRequest()
 7 FCPATH/index.php(79): CodeIgniter\CodeIgniter->run()
CRITICAL - 2023-11-19 22:13:19 --> Undefined property: stdClass::$SCE_intituleScenario
in APPPATH/Views/affichage_etapes.php on line 13.
 1 APPPATH/Views/affichage_etapes.php(13): CodeIgniter\Debug\Exceptions->errorHandler()
 2 SYSTEMPATH/View/View.php(228): include('/home/2023DIFAL3/e22107124/public_html/V1/ci/app/Views/affichage_etapes.php')
 3 SYSTEMPATH/View/View.php(231): CodeIgniter\View\View->CodeIgniter\View\{closure}()
 4 SYSTEMPATH/Common.php(1190): CodeIgniter\View\View->render()
 5 APPPATH/Controllers/Etape.php(29): view()
 6 SYSTEMPATH/CodeIgniter.php(942): App\Controllers\Etape->etape_jouer()
 7 SYSTEMPATH/CodeIgniter.php(502): CodeIgniter\CodeIgniter->runController()
 8 SYSTEMPATH/CodeIgniter.php(361): CodeIgniter\CodeIgniter->handleRequest()
 9 FCPATH/index.php(79): CodeIgniter\CodeIgniter->run()
CRITICAL - 2023-11-19 22:15:27 --> Cannot use object of type stdClass as array
in APPPATH/Views/affichage_etapes.php on line 16.
 1 SYSTEMPATH/View/View.php(228): include()
 2 SYSTEMPATH/View/View.php(231): CodeIgniter\View\View->CodeIgniter\View\{closure}()
 3 SYSTEMPATH/Common.php(1190): CodeIgniter\View\View->render()
 4 APPPATH/Controllers/Etape.php(29): view()
 5 SYSTEMPATH/CodeIgniter.php(942): App\Controllers\Etape->etape_jouer()
 6 SYSTEMPATH/CodeIgniter.php(502): CodeIgniter\CodeIgniter->runController()
 7 SYSTEMPATH/CodeIgniter.php(361): CodeIgniter\CodeIgniter->handleRequest()
 8 FCPATH/index.php(79): CodeIgniter\CodeIgniter->run()
